{"/media/patrick/C2D07858D078549F1/Users/User/Documents Ubuntu/Katas/AbstractObject/dist/src/ArgumentDescriptor.js": {"path":"/media/patrick/C2D07858D078549F1/Users/User/Documents Ubuntu/Katas/AbstractObject/dist/src/ArgumentDescriptor.js","statementMap":{"0":{"start":{"line":2,"column":0},"end":{"line":2,"column":62}},"1":{"start":{"line":4,"column":4},"end":{"line":9,"column":6}},"2":{"start":{"line":11,"column":0},"end":{"line":11,"column":80}},"3":{"start":{"line":13,"column":4},"end":{"line":18,"column":6}},"4":{"start":{"line":20,"column":0},"end":{"line":20,"column":74}}},"fnMap":{"0":{"name":"PrimitiveArgumentDescriptorFactory","decl":{"start":{"line":3,"column":9},"end":{"line":3,"column":43}},"loc":{"start":{"line":3,"column":63},"end":{"line":10,"column":1}},"line":3},"1":{"name":"ObjectArgumentDescriptorFactory","decl":{"start":{"line":12,"column":9},"end":{"line":12,"column":40}},"loc":{"start":{"line":12,"column":60},"end":{"line":19,"column":1}},"line":12}},"branchMap":{},"s":{"0":1,"1":22,"2":1,"3":6,"4":1},"f":{"0":22,"1":6},"b":{},"_coverageSchema":"43e27e138ebf9cfc5966b082cf9a028302ed4184","hash":"0b087f026304d1e8c8dec4000579d26fa7079a00"}
,"/media/patrick/C2D07858D078549F1/Users/User/Documents Ubuntu/Katas/AbstractObject/dist/src/ParameterDescriptor.js": {"path":"/media/patrick/C2D07858D078549F1/Users/User/Documents Ubuntu/Katas/AbstractObject/dist/src/ParameterDescriptor.js","statementMap":{"0":{"start":{"line":2,"column":0},"end":{"line":2,"column":62}},"1":{"start":{"line":4,"column":4},"end":{"line":4,"column":39}},"2":{"start":{"line":6,"column":0},"end":{"line":6,"column":82}},"3":{"start":{"line":8,"column":4},"end":{"line":8,"column":39}},"4":{"start":{"line":10,"column":0},"end":{"line":10,"column":76}}},"fnMap":{"0":{"name":"PrimitiveParameterDescriptorFactory","decl":{"start":{"line":3,"column":9},"end":{"line":3,"column":44}},"loc":{"start":{"line":3,"column":103},"end":{"line":5,"column":1}},"line":3},"1":{"name":"ObjectParameterDescriptorFactory","decl":{"start":{"line":7,"column":9},"end":{"line":7,"column":41}},"loc":{"start":{"line":7,"column":97},"end":{"line":9,"column":1}},"line":7}},"branchMap":{"0":{"loc":{"start":{"line":3,"column":57},"end":{"line":3,"column":101}},"type":"default-arg","locations":[{"start":{"line":3,"column":71},"end":{"line":3,"column":101}}],"line":3},"1":{"loc":{"start":{"line":7,"column":54},"end":{"line":7,"column":95}},"type":"default-arg","locations":[{"start":{"line":7,"column":68},"end":{"line":7,"column":95}}],"line":7}},"s":{"0":1,"1":22,"2":1,"3":6,"4":1},"f":{"0":22,"1":6},"b":{"0":[22],"1":[6]},"_coverageSchema":"43e27e138ebf9cfc5966b082cf9a028302ed4184","hash":"ba4001bbb47bd3717132b3e1df5bb971bb8964fa"}
,"/media/patrick/C2D07858D078549F1/Users/User/Documents Ubuntu/Katas/AbstractObject/dist/src/Primitive.js": {"path":"/media/patrick/C2D07858D078549F1/Users/User/Documents Ubuntu/Katas/AbstractObject/dist/src/Primitive.js","statementMap":{"0":{"start":{"line":2,"column":0},"end":{"line":2,"column":62}},"1":{"start":{"line":5,"column":8},"end":{"line":5,"column":31}},"2":{"start":{"line":6,"column":23},"end":{"line":6,"column":39}},"3":{"start":{"line":7,"column":8},"end":{"line":9,"column":9}},"4":{"start":{"line":8,"column":12},"end":{"line":8,"column":37}},"5":{"start":{"line":10,"column":8},"end":{"line":10,"column":24}},"6":{"start":{"line":13,"column":8},"end":{"line":13,"column":28}},"7":{"start":{"line":16,"column":8},"end":{"line":16,"column":27}},"8":{"start":{"line":19,"column":33},"end":{"line":19,"column":60}},"9":{"start":{"line":20,"column":8},"end":{"line":20,"column":60}},"10":{"start":{"line":23,"column":8},"end":{"line":23,"column":18}},"11":{"start":{"line":26,"column":8},"end":{"line":26,"column":31}},"12":{"start":{"line":29,"column":0},"end":{"line":29,"column":30}}},"fnMap":{"0":{"name":"(anonymous_0)","decl":{"start":{"line":4,"column":4},"end":{"line":4,"column":5}},"loc":{"start":{"line":4,"column":28},"end":{"line":11,"column":5}},"line":4},"1":{"name":"(anonymous_1)","decl":{"start":{"line":12,"column":4},"end":{"line":12,"column":5}},"loc":{"start":{"line":12,"column":17},"end":{"line":14,"column":5}},"line":12},"2":{"name":"(anonymous_2)","decl":{"start":{"line":15,"column":4},"end":{"line":15,"column":5}},"loc":{"start":{"line":15,"column":16},"end":{"line":17,"column":5}},"line":15},"3":{"name":"(anonymous_3)","decl":{"start":{"line":18,"column":4},"end":{"line":18,"column":5}},"loc":{"start":{"line":18,"column":20},"end":{"line":21,"column":5}},"line":18},"4":{"name":"(anonymous_4)","decl":{"start":{"line":22,"column":4},"end":{"line":22,"column":5}},"loc":{"start":{"line":22,"column":21},"end":{"line":24,"column":5}},"line":22},"5":{"name":"(anonymous_5)","decl":{"start":{"line":25,"column":4},"end":{"line":25,"column":5}},"loc":{"start":{"line":25,"column":15},"end":{"line":27,"column":5}},"line":25}},"branchMap":{"0":{"loc":{"start":{"line":7,"column":8},"end":{"line":9,"column":9}},"type":"if","locations":[{"start":{"line":7,"column":8},"end":{"line":9,"column":9}},{"start":{"line":7,"column":8},"end":{"line":9,"column":9}}],"line":7},"1":{"loc":{"start":{"line":20,"column":15},"end":{"line":20,"column":59}},"type":"cond-expr","locations":[{"start":{"line":20,"column":46},"end":{"line":20,"column":51}},{"start":{"line":20,"column":54},"end":{"line":20,"column":59}}],"line":20}},"s":{"0":2,"1":29,"2":29,"3":29,"4":5,"5":24,"6":29,"7":42,"8":29,"9":29,"10":5,"11":1,"12":2},"f":{"0":29,"1":29,"2":42,"3":29,"4":5,"5":1},"b":{"0":[5,24],"1":[24,5]},"_coverageSchema":"43e27e138ebf9cfc5966b082cf9a028302ed4184","hash":"894402b2c1df538f88dd8384c876995e7e60a84b"}
,"/media/patrick/C2D07858D078549F1/Users/User/Documents Ubuntu/Katas/AbstractObject/dist/src/ValidObject.js": {"path":"/media/patrick/C2D07858D078549F1/Users/User/Documents Ubuntu/Katas/AbstractObject/dist/src/ValidObject.js","statementMap":{"0":{"start":{"line":2,"column":0},"end":{"line":2,"column":62}},"1":{"start":{"line":3,"column":29},"end":{"line":3,"column":60}},"2":{"start":{"line":4,"column":30},"end":{"line":4,"column":62}},"3":{"start":{"line":7,"column":8},"end":{"line":7,"column":29}},"4":{"start":{"line":8,"column":8},"end":{"line":8,"column":25}},"5":{"start":{"line":9,"column":8},"end":{"line":9,"column":25}},"6":{"start":{"line":10,"column":23},"end":{"line":10,"column":38}},"7":{"start":{"line":11,"column":8},"end":{"line":13,"column":9}},"8":{"start":{"line":12,"column":12},"end":{"line":12,"column":37}},"9":{"start":{"line":14,"column":8},"end":{"line":14,"column":29}},"10":{"start":{"line":15,"column":8},"end":{"line":15,"column":37}},"11":{"start":{"line":18,"column":8},"end":{"line":18,"column":27}},"12":{"start":{"line":21,"column":8},"end":{"line":21,"column":46}},"13":{"start":{"line":25,"column":8},"end":{"line":27,"column":90}},"14":{"start":{"line":25,"column":35},"end":{"line":27,"column":88}},"15":{"start":{"line":28,"column":8},"end":{"line":28,"column":33}},"16":{"start":{"line":29,"column":8},"end":{"line":29,"column":42}},"17":{"start":{"line":33,"column":8},"end":{"line":59,"column":11}},"18":{"start":{"line":35,"column":12},"end":{"line":40,"column":36}},"19":{"start":{"line":42,"column":12},"end":{"line":58,"column":15}},"20":{"start":{"line":44,"column":20},"end":{"line":44,"column":46}},"21":{"start":{"line":47,"column":20},"end":{"line":54,"column":21}},"22":{"start":{"line":49,"column":24},"end":{"line":49,"column":77}},"23":{"start":{"line":51,"column":25},"end":{"line":54,"column":21}},"24":{"start":{"line":53,"column":24},"end":{"line":53,"column":63}},"25":{"start":{"line":56,"column":20},"end":{"line":56,"column":40}},"26":{"start":{"line":63,"column":8},"end":{"line":63,"column":42}},"27":{"start":{"line":66,"column":8},"end":{"line":72,"column":9}},"28":{"start":{"line":67,"column":12},"end":{"line":67,"column":101}},"29":{"start":{"line":71,"column":12},"end":{"line":71,"column":72}},"30":{"start":{"line":75,"column":23},"end":{"line":79,"column":10}},"31":{"start":{"line":76,"column":12},"end":{"line":78,"column":123}},"32":{"start":{"line":80,"column":8},"end":{"line":80,"column":22}},"33":{"start":{"line":84,"column":23},"end":{"line":84,"column":25}},"34":{"start":{"line":85,"column":8},"end":{"line":92,"column":11}},"35":{"start":{"line":86,"column":12},"end":{"line":91,"column":13}},"36":{"start":{"line":87,"column":16},"end":{"line":87,"column":61}},"37":{"start":{"line":90,"column":16},"end":{"line":90,"column":52}},"38":{"start":{"line":93,"column":8},"end":{"line":93,"column":22}},"39":{"start":{"line":96,"column":33},"end":{"line":96,"column":66}},"40":{"start":{"line":97,"column":8},"end":{"line":97,"column":60}},"41":{"start":{"line":100,"column":8},"end":{"line":100,"column":18}},"42":{"start":{"line":103,"column":0},"end":{"line":103,"column":34}}},"fnMap":{"0":{"name":"(anonymous_0)","decl":{"start":{"line":6,"column":4},"end":{"line":6,"column":5}},"loc":{"start":{"line":6,"column":57},"end":{"line":16,"column":5}},"line":6},"1":{"name":"(anonymous_1)","decl":{"start":{"line":17,"column":4},"end":{"line":17,"column":5}},"loc":{"start":{"line":17,"column":16},"end":{"line":19,"column":5}},"line":17},"2":{"name":"(anonymous_2)","decl":{"start":{"line":20,"column":4},"end":{"line":20,"column":5}},"loc":{"start":{"line":20,"column":28},"end":{"line":22,"column":5}},"line":20},"3":{"name":"(anonymous_3)","decl":{"start":{"line":24,"column":4},"end":{"line":24,"column":5}},"loc":{"start":{"line":24,"column":16},"end":{"line":30,"column":5}},"line":24},"4":{"name":"(anonymous_4)","decl":{"start":{"line":25,"column":28},"end":{"line":25,"column":29}},"loc":{"start":{"line":25,"column":35},"end":{"line":27,"column":88}},"line":25},"5":{"name":"(anonymous_5)","decl":{"start":{"line":32,"column":4},"end":{"line":32,"column":5}},"loc":{"start":{"line":32,"column":24},"end":{"line":60,"column":5}},"line":32},"6":{"name":"(anonymous_6)","decl":{"start":{"line":33,"column":18},"end":{"line":33,"column":19}},"loc":{"start":{"line":33,"column":23},"end":{"line":59,"column":9}},"line":33},"7":{"name":"(anonymous_7)","decl":{"start":{"line":43,"column":16},"end":{"line":43,"column":17}},"loc":{"start":{"line":43,"column":22},"end":{"line":45,"column":17}},"line":43},"8":{"name":"(anonymous_8)","decl":{"start":{"line":46,"column":16},"end":{"line":46,"column":17}},"loc":{"start":{"line":46,"column":27},"end":{"line":57,"column":17}},"line":46},"9":{"name":"(anonymous_9)","decl":{"start":{"line":62,"column":4},"end":{"line":62,"column":5}},"loc":{"start":{"line":62,"column":19},"end":{"line":64,"column":5}},"line":62},"10":{"name":"(anonymous_10)","decl":{"start":{"line":65,"column":4},"end":{"line":65,"column":5}},"loc":{"start":{"line":65,"column":31},"end":{"line":73,"column":5}},"line":65},"11":{"name":"(anonymous_11)","decl":{"start":{"line":74,"column":4},"end":{"line":74,"column":5}},"loc":{"start":{"line":74,"column":37},"end":{"line":81,"column":5}},"line":74},"12":{"name":"(anonymous_12)","decl":{"start":{"line":75,"column":40},"end":{"line":75,"column":41}},"loc":{"start":{"line":75,"column":49},"end":{"line":79,"column":9}},"line":75},"13":{"name":"(anonymous_13)","decl":{"start":{"line":83,"column":4},"end":{"line":83,"column":5}},"loc":{"start":{"line":83,"column":19},"end":{"line":94,"column":5}},"line":83},"14":{"name":"(anonymous_14)","decl":{"start":{"line":85,"column":28},"end":{"line":85,"column":29}},"loc":{"start":{"line":85,"column":33},"end":{"line":92,"column":9}},"line":85},"15":{"name":"(anonymous_15)","decl":{"start":{"line":95,"column":4},"end":{"line":95,"column":5}},"loc":{"start":{"line":95,"column":15},"end":{"line":98,"column":5}},"line":95},"16":{"name":"(anonymous_16)","decl":{"start":{"line":99,"column":4},"end":{"line":99,"column":5}},"loc":{"start":{"line":99,"column":21},"end":{"line":101,"column":5}},"line":99}},"branchMap":{"0":{"loc":{"start":{"line":6,"column":16},"end":{"line":6,"column":41}},"type":"default-arg","locations":[{"start":{"line":6,"column":28},"end":{"line":6,"column":41}}],"line":6},"1":{"loc":{"start":{"line":11,"column":8},"end":{"line":13,"column":9}},"type":"if","locations":[{"start":{"line":11,"column":8},"end":{"line":13,"column":9}},{"start":{"line":11,"column":8},"end":{"line":13,"column":9}}],"line":11},"2":{"loc":{"start":{"line":25,"column":35},"end":{"line":27,"column":88}},"type":"cond-expr","locations":[{"start":{"line":26,"column":14},"end":{"line":26,"column":91}},{"start":{"line":27,"column":14},"end":{"line":27,"column":88}}],"line":25},"3":{"loc":{"start":{"line":36,"column":16},"end":{"line":40,"column":35}},"type":"cond-expr","locations":[{"start":{"line":37,"column":22},"end":{"line":37,"column":29}},{"start":{"line":38,"column":22},"end":{"line":40,"column":35}}],"line":36},"4":{"loc":{"start":{"line":38,"column":22},"end":{"line":40,"column":35}},"type":"cond-expr","locations":[{"start":{"line":39,"column":26},"end":{"line":39,"column":45}},{"start":{"line":40,"column":26},"end":{"line":40,"column":35}}],"line":38},"5":{"loc":{"start":{"line":47,"column":20},"end":{"line":54,"column":21}},"type":"if","locations":[{"start":{"line":47,"column":20},"end":{"line":54,"column":21}},{"start":{"line":47,"column":20},"end":{"line":54,"column":21}}],"line":47},"6":{"loc":{"start":{"line":51,"column":25},"end":{"line":54,"column":21}},"type":"if","locations":[{"start":{"line":51,"column":25},"end":{"line":54,"column":21}},{"start":{"line":51,"column":25},"end":{"line":54,"column":21}}],"line":51},"7":{"loc":{"start":{"line":66,"column":8},"end":{"line":72,"column":9}},"type":"if","locations":[{"start":{"line":66,"column":8},"end":{"line":72,"column":9}},{"start":{"line":66,"column":8},"end":{"line":72,"column":9}}],"line":66},"8":{"loc":{"start":{"line":76,"column":19},"end":{"line":78,"column":122}},"type":"cond-expr","locations":[{"start":{"line":77,"column":18},"end":{"line":77,"column":119}},{"start":{"line":78,"column":18},"end":{"line":78,"column":122}}],"line":76},"9":{"loc":{"start":{"line":86,"column":12},"end":{"line":91,"column":13}},"type":"if","locations":[{"start":{"line":86,"column":12},"end":{"line":91,"column":13}},{"start":{"line":86,"column":12},"end":{"line":91,"column":13}}],"line":86},"10":{"loc":{"start":{"line":97,"column":15},"end":{"line":97,"column":59}},"type":"cond-expr","locations":[{"start":{"line":97,"column":46},"end":{"line":97,"column":51}},{"start":{"line":97,"column":54},"end":{"line":97,"column":59}}],"line":97}},"s":{"0":1,"1":1,"2":1,"3":14,"4":14,"5":14,"6":13,"7":13,"8":0,"9":13,"10":13,"11":3,"12":0,"13":14,"14":28,"15":14,"16":13,"17":14,"18":27,"19":26,"20":92,"21":3,"22":2,"23":1,"24":1,"25":1,"26":1,"27":2,"28":0,"29":2,"30":2,"31":2,"32":1,"33":22,"34":22,"35":44,"36":8,"37":36,"38":22,"39":13,"40":13,"41":0,"42":1},"f":{"0":14,"1":3,"2":0,"3":14,"4":28,"5":14,"6":27,"7":92,"8":3,"9":1,"10":2,"11":2,"12":2,"13":22,"14":44,"15":13,"16":0},"b":{"0":[0],"1":[0,13],"2":[22,6],"3":[6,21],"4":[21,0],"5":[2,1],"6":[1,0],"7":[0,2],"8":[0,2],"9":[8,36],"10":[13,0]},"_coverageSchema":"43e27e138ebf9cfc5966b082cf9a028302ed4184","hash":"0194f5d22199142ef8935697b61524dfdcbf4d07"}
,"/media/patrick/C2D07858D078549F1/Users/User/Documents Ubuntu/Katas/AbstractObject/dist/src/Factories/PrimitiveClassFactory.js": {"path":"/media/patrick/C2D07858D078549F1/Users/User/Documents Ubuntu/Katas/AbstractObject/dist/src/Factories/PrimitiveClassFactory.js","statementMap":{"0":{"start":{"line":2,"column":0},"end":{"line":2,"column":62}},"1":{"start":{"line":3,"column":20},"end":{"line":3,"column":43}},"2":{"start":{"line":5,"column":23},"end":{"line":5,"column":30}},"3":{"start":{"line":6,"column":25},"end":{"line":10,"column":5}},"4":{"start":{"line":8,"column":12},"end":{"line":8,"column":29}},"5":{"start":{"line":11,"column":4},"end":{"line":11,"column":26}},"6":{"start":{"line":13,"column":0},"end":{"line":13,"column":54}}},"fnMap":{"0":{"name":"PrimitiveClassFactory","decl":{"start":{"line":4,"column":9},"end":{"line":4,"column":30}},"loc":{"start":{"line":4,"column":40},"end":{"line":12,"column":1}},"line":4},"1":{"name":"(anonymous_1)","decl":{"start":{"line":7,"column":8},"end":{"line":7,"column":9}},"loc":{"start":{"line":7,"column":23},"end":{"line":9,"column":9}},"line":7}},"branchMap":{},"s":{"0":2,"1":2,"2":5,"3":5,"4":29,"5":5,"6":2},"f":{"0":5,"1":29},"b":{},"_coverageSchema":"43e27e138ebf9cfc5966b082cf9a028302ed4184","hash":"412a32e6e283bda1818af5ff7ef60ca23df4fb27"}
,"/media/patrick/C2D07858D078549F1/Users/User/Documents Ubuntu/Katas/AbstractObject/dist/tests/fixtures/People.js": {"path":"/media/patrick/C2D07858D078549F1/Users/User/Documents Ubuntu/Katas/AbstractObject/dist/tests/fixtures/People.js","statementMap":{"0":{"start":{"line":2,"column":0},"end":{"line":2,"column":62}},"1":{"start":{"line":3,"column":22},"end":{"line":3,"column":54}},"2":{"start":{"line":4,"column":18},"end":{"line":4,"column":38}},"3":{"start":{"line":7,"column":8},"end":{"line":7,"column":75}},"4":{"start":{"line":8,"column":8},"end":{"line":10,"column":10}},"5":{"start":{"line":9,"column":12},"end":{"line":9,"column":73}},"6":{"start":{"line":13,"column":0},"end":{"line":13,"column":24}}},"fnMap":{"0":{"name":"(anonymous_0)","decl":{"start":{"line":6,"column":4},"end":{"line":6,"column":5}},"loc":{"start":{"line":6,"column":34},"end":{"line":11,"column":5}},"line":6},"1":{"name":"(anonymous_1)","decl":{"start":{"line":8,"column":24},"end":{"line":8,"column":25}},"loc":{"start":{"line":8,"column":36},"end":{"line":10,"column":9}},"line":8}},"branchMap":{},"s":{"0":1,"1":1,"2":1,"3":2,"4":2,"5":0,"6":1},"f":{"0":2,"1":0},"b":{},"_coverageSchema":"43e27e138ebf9cfc5966b082cf9a028302ed4184","hash":"c6a5967243a3374894f9f63cafbd0f232b7b756d"}
,"/media/patrick/C2D07858D078549F1/Users/User/Documents Ubuntu/Katas/AbstractObject/dist/tests/fixtures/Person.js": {"path":"/media/patrick/C2D07858D078549F1/Users/User/Documents Ubuntu/Katas/AbstractObject/dist/tests/fixtures/Person.js","statementMap":{"0":{"start":{"line":2,"column":0},"end":{"line":2,"column":62}},"1":{"start":{"line":3,"column":22},"end":{"line":3,"column":54}},"2":{"start":{"line":4,"column":18},"end":{"line":4,"column":38}},"3":{"start":{"line":7,"column":8},"end":{"line":7,"column":67}},"4":{"start":{"line":8,"column":8},"end":{"line":10,"column":10}},"5":{"start":{"line":9,"column":12},"end":{"line":9,"column":59}},"6":{"start":{"line":13,"column":0},"end":{"line":13,"column":24}}},"fnMap":{"0":{"name":"(anonymous_0)","decl":{"start":{"line":6,"column":4},"end":{"line":6,"column":5}},"loc":{"start":{"line":6,"column":27},"end":{"line":11,"column":5}},"line":6},"1":{"name":"(anonymous_1)","decl":{"start":{"line":8,"column":24},"end":{"line":8,"column":25}},"loc":{"start":{"line":8,"column":36},"end":{"line":10,"column":9}},"line":8}},"branchMap":{},"s":{"0":1,"1":1,"2":1,"3":7,"4":7,"5":0,"6":1},"f":{"0":7,"1":0},"b":{},"_coverageSchema":"43e27e138ebf9cfc5966b082cf9a028302ed4184","hash":"12db18cd9bb824d00f5272828c2bdeef8b09c9ea"}
,"/media/patrick/C2D07858D078549F1/Users/User/Documents Ubuntu/Katas/AbstractObject/dist/tests/fixtures/PersonAgeNumber.js": {"path":"/media/patrick/C2D07858D078549F1/Users/User/Documents Ubuntu/Katas/AbstractObject/dist/tests/fixtures/PersonAgeNumber.js","statementMap":{"0":{"start":{"line":2,"column":0},"end":{"line":2,"column":62}},"1":{"start":{"line":3,"column":32},"end":{"line":3,"column":84}},"2":{"start":{"line":4,"column":18},"end":{"line":4,"column":38}},"3":{"start":{"line":5,"column":0},"end":{"line":7,"column":3}}},"fnMap":{},"branchMap":{},"s":{"0":1,"1":1,"2":1,"3":1},"f":{},"b":{},"_coverageSchema":"43e27e138ebf9cfc5966b082cf9a028302ed4184","hash":"22f27224cd69c690c8909594de75aeeda7579009"}
,"/media/patrick/C2D07858D078549F1/Users/User/Documents Ubuntu/Katas/AbstractObject/dist/tests/fixtures/PersonNameString.js": {"path":"/media/patrick/C2D07858D078549F1/Users/User/Documents Ubuntu/Katas/AbstractObject/dist/tests/fixtures/PersonNameString.js","statementMap":{"0":{"start":{"line":2,"column":0},"end":{"line":2,"column":62}},"1":{"start":{"line":3,"column":18},"end":{"line":3,"column":38}},"2":{"start":{"line":4,"column":32},"end":{"line":4,"column":84}},"3":{"start":{"line":5,"column":0},"end":{"line":7,"column":3}}},"fnMap":{},"branchMap":{},"s":{"0":1,"1":1,"2":1,"3":1},"f":{},"b":{},"_coverageSchema":"43e27e138ebf9cfc5966b082cf9a028302ed4184","hash":"596d22a35f02be9c1142d4e73f8e7e0ecb946fc3"}
,"/media/patrick/C2D07858D078549F1/Users/User/Documents Ubuntu/Katas/AbstractObject/dist/tests/fixtures/Primitives.js": {"path":"/media/patrick/C2D07858D078549F1/Users/User/Documents Ubuntu/Katas/AbstractObject/dist/tests/fixtures/Primitives.js","statementMap":{"0":{"start":{"line":2,"column":0},"end":{"line":2,"column":62}},"1":{"start":{"line":3,"column":32},"end":{"line":3,"column":84}},"2":{"start":{"line":4,"column":12},"end":{"line":4,"column":32}},"3":{"start":{"line":5,"column":21},"end":{"line":5,"column":33}},"4":{"start":{"line":6,"column":21},"end":{"line":6,"column":33}},"5":{"start":{"line":7,"column":22},"end":{"line":7,"column":35}},"6":{"start":{"line":8,"column":0},"end":{"line":10,"column":3}},"7":{"start":{"line":11,"column":0},"end":{"line":13,"column":3}},"8":{"start":{"line":14,"column":0},"end":{"line":16,"column":3}}},"fnMap":{},"branchMap":{},"s":{"0":1,"1":1,"2":1,"3":1,"4":1,"5":1,"6":1,"7":1,"8":1},"f":{},"b":{},"_coverageSchema":"43e27e138ebf9cfc5966b082cf9a028302ed4184","hash":"212749d5d88bf776456995d519aad6a07c35c5e0"}
,"/media/patrick/C2D07858D078549F1/Users/User/Documents Ubuntu/Katas/AbstractObject/dist/tests/fixtures/schemas.js": {"path":"/media/patrick/C2D07858D078549F1/Users/User/Documents Ubuntu/Katas/AbstractObject/dist/tests/fixtures/schemas.js","statementMap":{"0":{"start":{"line":2,"column":0},"end":{"line":2,"column":62}},"1":{"start":{"line":3,"column":12},"end":{"line":3,"column":32}},"2":{"start":{"line":4,"column":25},"end":{"line":4,"column":44}},"3":{"start":{"line":5,"column":24},"end":{"line":5,"column":43}},"4":{"start":{"line":6,"column":24},"end":{"line":6,"column":43}},"5":{"start":{"line":7,"column":21},"end":{"line":10,"column":2}},"6":{"start":{"line":11,"column":22},"end":{"line":14,"column":2}},"7":{"start":{"line":15,"column":26},"end":{"line":18,"column":2}},"8":{"start":{"line":19,"column":0},"end":{"line":26,"column":2}}},"fnMap":{},"branchMap":{},"s":{"0":1,"1":1,"2":1,"3":1,"4":1,"5":1,"6":1,"7":1,"8":1},"f":{},"b":{},"_coverageSchema":"43e27e138ebf9cfc5966b082cf9a028302ed4184","hash":"63554df89edb2d0051f87161339be94b2129e7cb"}
}
